{
  "meta": {
    "format": 3,
    "version": "7.10.1",
    "timestamp": "2025-08-04T04:07:12.996698",
    "branch_coverage": true,
    "show_contexts": false
  },
  "files": {
    "src/flext_ldap/__init__.py": {
      "executed_lines": [
        1, 58, 60, 62, 64, 65, 66, 67, 68, 80, 83, 91, 92, 98, 126
      ],
      "summary": {
        "covered_lines": 14,
        "num_statements": 20,
        "percent_covered": 62.5,
        "percent_covered_display": "62",
        "missing_lines": 6,
        "excluded_lines": 0,
        "num_branches": 4,
        "num_partial_branches": 1,
        "covered_branches": 1,
        "missing_branches": 3
      },
      "missing_lines": [101, 112, 113, 119, 121, 122],
      "excluded_lines": [],
      "executed_branches": [[91, 92]],
      "missing_branches": [
        [91, 101],
        [112, 113],
        [112, 121]
      ],
      "functions": {
        "__getattr__": {
          "executed_lines": [83, 91, 92, 98],
          "summary": {
            "covered_lines": 4,
            "num_statements": 10,
            "percent_covered": 35.714285714285715,
            "percent_covered_display": "36",
            "missing_lines": 6,
            "excluded_lines": 0,
            "num_branches": 4,
            "num_partial_branches": 1,
            "covered_branches": 1,
            "missing_branches": 3
          },
          "missing_lines": [101, 112, 113, 119, 121, 122],
          "excluded_lines": [],
          "executed_branches": [[91, 92]],
          "missing_branches": [
            [91, 101],
            [112, 113],
            [112, 121]
          ]
        },
        "": {
          "executed_lines": [1, 58, 60, 62, 64, 65, 66, 67, 68, 80, 126],
          "summary": {
            "covered_lines": 10,
            "num_statements": 10,
            "percent_covered": 100.0,
            "percent_covered_display": "100",
            "missing_lines": 0,
            "excluded_lines": 0,
            "num_branches": 0,
            "num_partial_branches": 0,
            "covered_branches": 0,
            "missing_branches": 0
          },
          "missing_lines": [],
          "excluded_lines": [],
          "executed_branches": [],
          "missing_branches": []
        }
      },
      "classes": {
        "": {
          "executed_lines": [
            1, 58, 60, 62, 64, 65, 66, 67, 68, 80, 83, 91, 92, 98, 126
          ],
          "summary": {
            "covered_lines": 14,
            "num_statements": 20,
            "percent_covered": 62.5,
            "percent_covered_display": "62",
            "missing_lines": 6,
            "excluded_lines": 0,
            "num_branches": 4,
            "num_partial_branches": 1,
            "covered_branches": 1,
            "missing_branches": 3
          },
          "missing_lines": [101, 112, 113, 119, 121, 122],
          "excluded_lines": [],
          "executed_branches": [[91, 92]],
          "missing_branches": [
            [91, 101],
            [112, 113],
            [112, 121]
          ]
        }
      }
    },
    "src/flext_ldap/_deprecated.py": {
      "executed_lines": [],
      "summary": {
        "covered_lines": 0,
        "num_statements": 7,
        "percent_covered": 0.0,
        "percent_covered_display": "0",
        "missing_lines": 7,
        "excluded_lines": 0,
        "num_branches": 0,
        "num_partial_branches": 0,
        "covered_branches": 0,
        "missing_branches": 0
      },
      "missing_lines": [13, 15, 18, 26, 39, 59, 72],
      "excluded_lines": [],
      "executed_branches": [],
      "missing_branches": [],
      "functions": {
        "warn_deprecated": {
          "executed_lines": [],
          "summary": {
            "covered_lines": 0,
            "num_statements": 1,
            "percent_covered": 0.0,
            "percent_covered_display": "0",
            "missing_lines": 1,
            "excluded_lines": 0,
            "num_branches": 0,
            "num_partial_branches": 0,
            "covered_branches": 0,
            "missing_branches": 0
          },
          "missing_lines": [39],
          "excluded_lines": [],
          "executed_branches": [],
          "missing_branches": []
        },
        "warn_deprecated_path": {
          "executed_lines": [],
          "summary": {
            "covered_lines": 0,
            "num_statements": 1,
            "percent_covered": 0.0,
            "percent_covered_display": "0",
            "missing_lines": 1,
            "excluded_lines": 0,
            "num_branches": 0,
            "num_partial_branches": 0,
            "covered_branches": 0,
            "missing_branches": 0
          },
          "missing_lines": [72],
          "excluded_lines": [],
          "executed_branches": [],
          "missing_branches": []
        },
        "": {
          "executed_lines": [],
          "summary": {
            "covered_lines": 0,
            "num_statements": 5,
            "percent_covered": 0.0,
            "percent_covered_display": "0",
            "missing_lines": 5,
            "excluded_lines": 0,
            "num_branches": 0,
            "num_partial_branches": 0,
            "covered_branches": 0,
            "missing_branches": 0
          },
          "missing_lines": [13, 15, 18, 26, 59],
          "excluded_lines": [],
          "executed_branches": [],
          "missing_branches": []
        }
      },
      "classes": {
        "LDAPDeprecationWarning": {
          "executed_lines": [],
          "summary": {
            "covered_lines": 0,
            "num_statements": 0,
            "percent_covered": 100.0,
            "percent_covered_display": "100",
            "missing_lines": 0,
            "excluded_lines": 0,
            "num_branches": 0,
            "num_partial_branches": 0,
            "covered_branches": 0,
            "missing_branches": 0
          },
          "missing_lines": [],
          "excluded_lines": [],
          "executed_branches": [],
          "missing_branches": []
        },
        "": {
          "executed_lines": [],
          "summary": {
            "covered_lines": 0,
            "num_statements": 7,
            "percent_covered": 0.0,
            "percent_covered_display": "0",
            "missing_lines": 7,
            "excluded_lines": 0,
            "num_branches": 0,
            "num_partial_branches": 0,
            "covered_branches": 0,
            "missing_branches": 0
          },
          "missing_lines": [13, 15, 18, 26, 39, 59, 72],
          "excluded_lines": [],
          "executed_branches": [],
          "missing_branches": []
        }
      }
    },
    "src/flext_ldap/adapters/__init__.py": {
      "executed_lines": [],
      "summary": {
        "covered_lines": 0,
        "num_statements": 3,
        "percent_covered": 0.0,
        "percent_covered_display": "0",
        "missing_lines": 3,
        "excluded_lines": 0,
        "num_branches": 0,
        "num_partial_branches": 0,
        "covered_branches": 0,
        "missing_branches": 0
      },
      "missing_lines": [11, 13, 15],
      "excluded_lines": [],
      "executed_branches": [],
      "missing_branches": [],
      "functions": {
        "": {
          "executed_lines": [],
          "summary": {
            "covered_lines": 0,
            "num_statements": 3,
            "percent_covered": 0.0,
            "percent_covered_display": "0",
            "missing_lines": 3,
            "excluded_lines": 0,
            "num_branches": 0,
            "num_partial_branches": 0,
            "covered_branches": 0,
            "missing_branches": 0
          },
          "missing_lines": [11, 13, 15],
          "excluded_lines": [],
          "executed_branches": [],
          "missing_branches": []
        }
      },
      "classes": {
        "": {
          "executed_lines": [],
          "summary": {
            "covered_lines": 0,
            "num_statements": 3,
            "percent_covered": 0.0,
            "percent_covered_display": "0",
            "missing_lines": 3,
            "excluded_lines": 0,
            "num_branches": 0,
            "num_partial_branches": 0,
            "covered_branches": 0,
            "missing_branches": 0
          },
          "missing_lines": [11, 13, 15],
          "excluded_lines": [],
          "executed_branches": [],
          "missing_branches": []
        }
      }
    },
    "src/flext_ldap/adapters/directory_adapter.py": {
      "executed_lines": [],
      "summary": {
        "covered_lines": 0,
        "num_statements": 295,
        "percent_covered": 0.0,
        "percent_covered_display": "0",
        "missing_lines": 295,
        "excluded_lines": 33,
        "num_branches": 52,
        "num_partial_branches": 0,
        "covered_branches": 0,
        "missing_branches": 52
      },
      "missing_lines": [
        11, 13, 14, 15, 16, 17, 18, 20, 21, 23, 24, 26, 29, 32, 33, 51, 54, 55,
        56, 59, 84, 93, 96, 98, 99, 100, 101, 103, 121, 129, 131, 133, 134, 138,
        139, 140, 144, 145, 146, 150, 152, 160, 161, 162, 164, 165, 166, 167,
        168, 169, 171, 172, 173, 176, 184, 186, 191, 192, 193, 194, 196, 206,
        211, 212, 214, 219, 220, 222, 223, 224, 225, 233, 235, 236, 238, 244,
        245, 247, 249, 254, 255, 256, 257, 258, 260, 261, 264, 265, 269, 272,
        273, 274, 275, 277, 279, 293, 301, 303, 309, 310, 311, 312, 313, 314,
        315, 316, 317, 318, 319, 320, 322, 332, 335, 337, 347, 353, 354, 362,
        365, 366, 368, 375, 376, 377, 378, 379, 381, 382, 386, 387, 389, 390,
        393, 394, 395, 397, 400, 401, 402, 403, 405, 410, 411, 413, 414, 416,
        424, 430, 431, 432, 434, 441, 443, 446, 448, 456, 465, 467, 477, 480,
        481, 482, 483, 484, 485, 486, 487, 488, 489, 491, 508, 510, 516, 517,
        518, 519, 520, 521, 522, 523, 525, 534, 537, 543, 544, 547, 548, 550,
        557, 558, 559, 560, 561, 569, 571, 578, 579, 582, 583, 584, 586, 591,
        592, 593, 597, 599, 601, 616, 618, 621, 628, 629, 631, 633, 635, 637,
        639, 640, 641, 642, 643, 644, 646, 659, 660, 662, 663, 664, 665, 667,
        669, 672, 673, 675, 677, 682, 683, 684, 685, 687, 688, 690, 693, 694,
        697, 698, 700, 701, 702, 703, 705, 720, 722, 724, 725, 726, 727, 728,
        729, 730, 731, 733, 741, 747, 749, 751, 752, 753, 755, 757, 770, 772,
        774, 775, 776, 777, 778, 779, 780, 781, 783, 787, 789, 791, 793, 794,
        795, 797, 800, 803, 810, 814, 815, 816, 817
      ],
      "excluded_lines": [
        37, 38, 39, 40, 41, 44, 45, 46, 47, 48, 62, 63, 64, 65, 66, 67, 68, 69,
        70, 71, 73, 74, 75, 76, 77, 78, 79, 80, 81, 87, 88, 89, 90
      ],
      "executed_branches": [],
      "missing_branches": [
        [161, 162],
        [161, 164],
        [165, 166],
        [165, 167],
        [168, 169],
        [168, 171],
        [172, 173],
        [172, 176],
        [224, 225],
        [224, 235],
        [244, 245],
        [244, 247],
        [256, 257],
        [256, 260],
        [264, 265],
        [264, 272],
        [353, 354],
        [353, 365],
        [378, 379],
        [378, 389],
        [410, 411],
        [410, 413],
        [432, 434],
        [432, 456],
        [481, 482],
        [481, 483],
        [543, 544],
        [543, 547],
        [559, 560],
        [559, 571],
        [592, 593],
        [592, 599],
        [628, 629],
        [628, 637],
        [631, 633],
        [631, 635],
        [662, 663],
        [662, 672],
        [663, 664],
        [663, 669],
        [664, 665],
        [664, 667],
        [672, 673],
        [672, 675],
        [684, 685],
        [684, 697],
        [690, 693],
        [690, 694],
        [751, 752],
        [751, 755],
        [793, 794],
        [793, 797]
      ],
      "functions": {
        "FlextLdapDirectoryEntry.__init__": {
          "executed_lines": [],
          "summary": {
            "covered_lines": 0,
            "num_statements": 2,
            "percent_covered": 0.0,
            "percent_covered_display": "0",
            "missing_lines": 2,
            "excluded_lines": 0,
            "num_branches": 0,
            "num_partial_branches": 0,
            "covered_branches": 0,
            "missing_branches": 0
          },
          "missing_lines": [55, 56],
          "excluded_lines": [],
          "executed_branches": [],
          "missing_branches": []
        },
        "FlextLdapDirectoryServiceInterface.connect": {
          "executed_lines": [],
          "summary": {
            "covered_lines": 0,
            "num_statements": 0,
            "percent_covered": 100.0,
            "percent_covered_display": "100",
            "missing_lines": 0,
            "excluded_lines": 2,
            "num_branches": 0,
            "num_partial_branches": 0,
            "covered_branches": 0,
            "missing_branches": 0
          },
          "missing_lines": [],
          "excluded_lines": [70, 71],
          "executed_branches": [],
          "missing_branches": []
        },
        "FlextLdapDirectoryServiceInterface.search_users": {
          "executed_lines": [],
          "summary": {
            "covered_lines": 0,
            "num_statements": 0,
            "percent_covered": 100.0,
            "percent_covered_display": "100",
            "missing_lines": 0,
            "excluded_lines": 2,
            "num_branches": 0,
            "num_partial_branches": 0,
            "covered_branches": 0,
            "missing_branches": 0
          },
          "missing_lines": [],
          "excluded_lines": [80, 81],
          "executed_branches": [],
          "missing_branches": []
        },
        "FlextLdapDirectoryAdapterInterface.get_directory_service": {
          "executed_lines": [],
          "summary": {
            "covered_lines": 0,
            "num_statements": 0,
            "percent_covered": 100.0,
            "percent_covered_display": "100",
            "missing_lines": 0,
            "excluded_lines": 2,
            "num_branches": 0,
            "num_partial_branches": 0,
            "covered_branches": 0,
            "missing_branches": 0
          },
          "missing_lines": [],
          "excluded_lines": [89, 90],
          "executed_branches": [],
          "missing_branches": []
        },
        "FlextLdapDirectoryService.__init__": {
          "executed_lines": [],
          "summary": {
            "covered_lines": 0,
            "num_statements": 4,
            "percent_covered": 0.0,
            "percent_covered_display": "0",
            "missing_lines": 4,
            "excluded_lines": 0,
            "num_branches": 0,
            "num_partial_branches": 0,
            "covered_branches": 0,
            "missing_branches": 0
          },
          "missing_lines": [98, 99, 100, 101],
          "excluded_lines": [],
          "executed_branches": [],
          "missing_branches": []
        },
        "FlextLdapDirectoryService.connect": {
          "executed_lines": [],
          "summary": {
            "covered_lines": 0,
            "num_statements": 12,
            "percent_covered": 0.0,
            "percent_covered_display": "0",
            "missing_lines": 12,
            "excluded_lines": 0,
            "num_branches": 0,
            "num_partial_branches": 0,
            "covered_branches": 0,
            "missing_branches": 0
          },
          "missing_lines": [
            121, 129, 131, 133, 134, 138, 139, 140, 144, 145, 146, 150
          ],
          "excluded_lines": [],
          "executed_branches": [],
          "missing_branches": []
        },
        "FlextLdapDirectoryService._execute_connection_pipeline": {
          "executed_lines": [],
          "summary": {
            "covered_lines": 0,
            "num_statements": 14,
            "percent_covered": 0.0,
            "percent_covered_display": "0",
            "missing_lines": 14,
            "excluded_lines": 0,
            "num_branches": 8,
            "num_partial_branches": 0,
            "covered_branches": 0,
            "missing_branches": 8
          },
          "missing_lines": [
            160, 161, 162, 164, 165, 166, 167, 168, 169, 171, 172, 173, 176, 184
          ],
          "excluded_lines": [],
          "executed_branches": [],
          "missing_branches": [
            [161, 162],
            [161, 164],
            [165, 166],
            [165, 167],
            [168, 169],
            [168, 171],
            [172, 173],
            [172, 176]
          ]
        },
        "FlextLdapDirectoryService._create_connection_config": {
          "executed_lines": [],
          "summary": {
            "covered_lines": 0,
            "num_statements": 8,
            "percent_covered": 0.0,
            "percent_covered_display": "0",
            "missing_lines": 8,
            "excluded_lines": 0,
            "num_branches": 0,
            "num_partial_branches": 0,
            "covered_branches": 0,
            "missing_branches": 0
          },
          "missing_lines": [191, 192, 193, 194, 196, 206, 211, 212],
          "excluded_lines": [],
          "executed_branches": [],
          "missing_branches": []
        },
        "FlextLdapDirectoryService._establish_ldap_connection": {
          "executed_lines": [],
          "summary": {
            "covered_lines": 0,
            "num_statements": 9,
            "percent_covered": 0.0,
            "percent_covered_display": "0",
            "missing_lines": 9,
            "excluded_lines": 0,
            "num_branches": 2,
            "num_partial_branches": 0,
            "covered_branches": 0,
            "missing_branches": 2
          },
          "missing_lines": [219, 220, 222, 223, 224, 225, 233, 235, 236],
          "excluded_lines": [],
          "executed_branches": [],
          "missing_branches": [
            [224, 225],
            [224, 235]
          ]
        },
        "FlextLdapDirectoryService._handle_authentication": {
          "executed_lines": [],
          "summary": {
            "covered_lines": 0,
            "num_statements": 19,
            "percent_covered": 0.0,
            "percent_covered_display": "0",
            "missing_lines": 19,
            "excluded_lines": 0,
            "num_branches": 6,
            "num_partial_branches": 0,
            "covered_branches": 0,
            "missing_branches": 6
          },
          "missing_lines": [
            244, 245, 247, 249, 254, 255, 256, 257, 258, 260, 261, 264, 265,
            269, 272, 273, 274, 275, 277
          ],
          "excluded_lines": [],
          "executed_branches": [],
          "missing_branches": [
            [244, 245],
            [244, 247],
            [256, 257],
            [256, 260],
            [264, 265],
            [264, 272]
          ]
        },
        "FlextLdapDirectoryService.search_users": {
          "executed_lines": [],
          "summary": {
            "covered_lines": 0,
            "num_statements": 15,
            "percent_covered": 0.0,
            "percent_covered_display": "0",
            "missing_lines": 15,
            "excluded_lines": 0,
            "num_branches": 0,
            "num_partial_branches": 0,
            "covered_branches": 0,
            "missing_branches": 0
          },
          "missing_lines": [
            293, 301, 303, 309, 310, 311, 312, 313, 314, 315, 316, 317, 318,
            319, 320
          ],
          "excluded_lines": [],
          "executed_branches": [],
          "missing_branches": []
        },
        "FlextLdapDirectoryService._execute_user_search_pipeline": {
          "executed_lines": [],
          "summary": {
            "covered_lines": 0,
            "num_statements": 9,
            "percent_covered": 0.0,
            "percent_covered_display": "0",
            "missing_lines": 9,
            "excluded_lines": 0,
            "num_branches": 2,
            "num_partial_branches": 0,
            "covered_branches": 0,
            "missing_branches": 2
          },
          "missing_lines": [332, 335, 337, 347, 353, 354, 362, 365, 366],
          "excluded_lines": [],
          "executed_branches": [],
          "missing_branches": [
            [353, 354],
            [353, 365]
          ]
        },
        "FlextLdapDirectoryService._perform_async_search": {
          "executed_lines": [],
          "summary": {
            "covered_lines": 0,
            "num_statements": 19,
            "percent_covered": 0.0,
            "percent_covered_display": "0",
            "missing_lines": 19,
            "excluded_lines": 0,
            "num_branches": 2,
            "num_partial_branches": 0,
            "covered_branches": 0,
            "missing_branches": 2
          },
          "missing_lines": [
            375, 376, 377, 378, 379, 381, 382, 386, 387, 389, 390, 393, 394,
            395, 397, 400, 401, 402, 403
          ],
          "excluded_lines": [],
          "executed_branches": [],
          "missing_branches": [
            [378, 379],
            [378, 389]
          ]
        },
        "FlextLdapDirectoryService._convert_raw_search_result": {
          "executed_lines": [],
          "summary": {
            "covered_lines": 0,
            "num_statements": 4,
            "percent_covered": 0.0,
            "percent_covered_display": "0",
            "missing_lines": 4,
            "excluded_lines": 0,
            "num_branches": 2,
            "num_partial_branches": 0,
            "covered_branches": 0,
            "missing_branches": 2
          },
          "missing_lines": [410, 411, 413, 414],
          "excluded_lines": [],
          "executed_branches": [],
          "missing_branches": [
            [410, 411],
            [410, 413]
          ]
        },
        "FlextLdapDirectoryService._convert_search_results_to_protocol": {
          "executed_lines": [],
          "summary": {
            "covered_lines": 0,
            "num_statements": 11,
            "percent_covered": 0.0,
            "percent_covered_display": "0",
            "missing_lines": 11,
            "excluded_lines": 0,
            "num_branches": 2,
            "num_partial_branches": 0,
            "covered_branches": 0,
            "missing_branches": 2
          },
          "missing_lines": [
            424, 430, 431, 432, 434, 441, 443, 446, 448, 456, 465
          ],
          "excluded_lines": [],
          "executed_branches": [],
          "missing_branches": [
            [432, 434],
            [432, 456]
          ]
        },
        "FlextLdapDirectoryService.disconnect": {
          "executed_lines": [],
          "summary": {
            "covered_lines": 0,
            "num_statements": 11,
            "percent_covered": 0.0,
            "percent_covered_display": "0",
            "missing_lines": 11,
            "excluded_lines": 0,
            "num_branches": 2,
            "num_partial_branches": 0,
            "covered_branches": 0,
            "missing_branches": 2
          },
          "missing_lines": [
            477, 480, 481, 482, 483, 484, 485, 486, 487, 488, 489
          ],
          "excluded_lines": [],
          "executed_branches": [],
          "missing_branches": [
            [481, 482],
            [481, 483]
          ]
        },
        "FlextLdapDirectoryService.search": {
          "executed_lines": [],
          "summary": {
            "covered_lines": 0,
            "num_statements": 10,
            "percent_covered": 0.0,
            "percent_covered_display": "0",
            "missing_lines": 10,
            "excluded_lines": 0,
            "num_branches": 0,
            "num_partial_branches": 0,
            "covered_branches": 0,
            "missing_branches": 0
          },
          "missing_lines": [508, 510, 516, 517, 518, 519, 520, 521, 522, 523],
          "excluded_lines": [],
          "executed_branches": [],
          "missing_branches": []
        },
        "FlextLdapDirectoryService._execute_directory_search_pipeline": {
          "executed_lines": [],
          "summary": {
            "covered_lines": 0,
            "num_statements": 6,
            "percent_covered": 0.0,
            "percent_covered_display": "0",
            "missing_lines": 6,
            "excluded_lines": 0,
            "num_branches": 2,
            "num_partial_branches": 0,
            "covered_branches": 0,
            "missing_branches": 2
          },
          "missing_lines": [534, 537, 543, 544, 547, 548],
          "excluded_lines": [],
          "executed_branches": [],
          "missing_branches": [
            [543, 544],
            [543, 547]
          ]
        },
        "FlextLdapDirectoryService._perform_ldap_search_operation": {
          "executed_lines": [],
          "summary": {
            "covered_lines": 0,
            "num_statements": 12,
            "percent_covered": 0.0,
            "percent_covered_display": "0",
            "missing_lines": 12,
            "excluded_lines": 0,
            "num_branches": 2,
            "num_partial_branches": 0,
            "covered_branches": 0,
            "missing_branches": 2
          },
          "missing_lines": [
            557, 558, 559, 560, 561, 569, 571, 578, 579, 582, 583, 584
          ],
          "excluded_lines": [],
          "executed_branches": [],
          "missing_branches": [
            [559, 560],
            [559, 571]
          ]
        },
        "FlextLdapDirectoryService._convert_search_results_to_directory_protocol": {
          "executed_lines": [],
          "summary": {
            "covered_lines": 0,
            "num_statements": 5,
            "percent_covered": 0.0,
            "percent_covered_display": "0",
            "missing_lines": 5,
            "excluded_lines": 0,
            "num_branches": 2,
            "num_partial_branches": 0,
            "covered_branches": 0,
            "missing_branches": 2
          },
          "missing_lines": [591, 592, 593, 597, 599],
          "excluded_lines": [],
          "executed_branches": [],
          "missing_branches": [
            [592, 593],
            [592, 599]
          ]
        },
        "FlextLdapDirectoryService.add_entry": {
          "executed_lines": [],
          "summary": {
            "covered_lines": 0,
            "num_statements": 15,
            "percent_covered": 0.0,
            "percent_covered_display": "0",
            "missing_lines": 15,
            "excluded_lines": 0,
            "num_branches": 4,
            "num_partial_branches": 0,
            "covered_branches": 0,
            "missing_branches": 4
          },
          "missing_lines": [
            616, 618, 621, 628, 629, 631, 633, 635, 637, 639, 640, 641, 642,
            643, 644
          ],
          "excluded_lines": [],
          "executed_branches": [],
          "missing_branches": [
            [628, 629],
            [628, 637],
            [631, 633],
            [631, 635]
          ]
        },
        "FlextLdapDirectoryService._extract_object_classes": {
          "executed_lines": [],
          "summary": {
            "covered_lines": 0,
            "num_statements": 11,
            "percent_covered": 0.0,
            "percent_covered_display": "0",
            "missing_lines": 11,
            "excluded_lines": 0,
            "num_branches": 8,
            "num_partial_branches": 0,
            "covered_branches": 0,
            "missing_branches": 8
          },
          "missing_lines": [
            659, 660, 662, 663, 664, 665, 667, 669, 672, 673, 675
          ],
          "excluded_lines": [],
          "executed_branches": [],
          "missing_branches": [
            [662, 663],
            [662, 672],
            [663, 664],
            [663, 669],
            [664, 665],
            [664, 667],
            [672, 673],
            [672, 675]
          ]
        },
        "FlextLdapDirectoryService._execute_async_operation": {
          "executed_lines": [],
          "summary": {
            "covered_lines": 0,
            "num_statements": 15,
            "percent_covered": 0.0,
            "percent_covered_display": "0",
            "missing_lines": 15,
            "excluded_lines": 0,
            "num_branches": 4,
            "num_partial_branches": 0,
            "covered_branches": 0,
            "missing_branches": 4
          },
          "missing_lines": [
            682, 683, 684, 685, 687, 688, 690, 693, 694, 697, 698, 700, 701,
            702, 703
          ],
          "excluded_lines": [],
          "executed_branches": [],
          "missing_branches": [
            [684, 685],
            [684, 697],
            [690, 693],
            [690, 694]
          ]
        },
        "FlextLdapDirectoryService.modify_entry": {
          "executed_lines": [],
          "summary": {
            "covered_lines": 0,
            "num_statements": 10,
            "percent_covered": 0.0,
            "percent_covered_display": "0",
            "missing_lines": 10,
            "excluded_lines": 0,
            "num_branches": 0,
            "num_partial_branches": 0,
            "covered_branches": 0,
            "missing_branches": 0
          },
          "missing_lines": [720, 722, 724, 725, 726, 727, 728, 729, 730, 731],
          "excluded_lines": [],
          "executed_branches": [],
          "missing_branches": []
        },
        "FlextLdapDirectoryService._execute_modify_entry_pipeline": {
          "executed_lines": [],
          "summary": {
            "covered_lines": 0,
            "num_statements": 2,
            "percent_covered": 0.0,
            "percent_covered_display": "0",
            "missing_lines": 2,
            "excluded_lines": 0,
            "num_branches": 0,
            "num_partial_branches": 0,
            "covered_branches": 0,
            "missing_branches": 0
          },
          "missing_lines": [741, 747],
          "excluded_lines": [],
          "executed_branches": [],
          "missing_branches": []
        },
        "FlextLdapDirectoryService._handle_modify_result": {
          "executed_lines": [],
          "summary": {
            "covered_lines": 0,
            "num_statements": 4,
            "percent_covered": 0.0,
            "percent_covered_display": "0",
            "missing_lines": 4,
            "excluded_lines": 0,
            "num_branches": 2,
            "num_partial_branches": 0,
            "covered_branches": 0,
            "missing_branches": 2
          },
          "missing_lines": [751, 752, 753, 755],
          "excluded_lines": [],
          "executed_branches": [],
          "missing_branches": [
            [751, 752],
            [751, 755]
          ]
        },
        "FlextLdapDirectoryService.delete_entry": {
          "executed_lines": [],
          "summary": {
            "covered_lines": 0,
            "num_statements": 10,
            "percent_covered": 0.0,
            "percent_covered_display": "0",
            "missing_lines": 10,
            "excluded_lines": 0,
            "num_branches": 0,
            "num_partial_branches": 0,
            "covered_branches": 0,
            "missing_branches": 0
          },
          "missing_lines": [770, 772, 774, 775, 776, 777, 778, 779, 780, 781],
          "excluded_lines": [],
          "executed_branches": [],
          "missing_branches": []
        },
        "FlextLdapDirectoryService._execute_delete_entry_pipeline": {
          "executed_lines": [],
          "summary": {
            "covered_lines": 0,
            "num_statements": 2,
            "percent_covered": 0.0,
            "percent_covered_display": "0",
            "missing_lines": 2,
            "excluded_lines": 0,
            "num_branches": 0,
            "num_partial_branches": 0,
            "covered_branches": 0,
            "missing_branches": 0
          },
          "missing_lines": [787, 789],
          "excluded_lines": [],
          "executed_branches": [],
          "missing_branches": []
        },
        "FlextLdapDirectoryService._handle_delete_result": {
          "executed_lines": [],
          "summary": {
            "covered_lines": 0,
            "num_statements": 4,
            "percent_covered": 0.0,
            "percent_covered_display": "0",
            "missing_lines": 4,
            "excluded_lines": 0,
            "num_branches": 2,
            "num_partial_branches": 0,
            "covered_branches": 0,
            "missing_branches": 2
          },
          "missing_lines": [793, 794, 795, 797],
          "excluded_lines": [],
          "executed_branches": [],
          "missing_branches": [
            [793, 794],
            [793, 797]
          ]
        },
        "FlextLdapDirectoryAdapter.get_directory_service": {
          "executed_lines": [],
          "summary": {
            "covered_lines": 0,
            "num_statements": 1,
            "percent_covered": 0.0,
            "percent_covered_display": "0",
            "missing_lines": 1,
            "excluded_lines": 0,
            "num_branches": 0,
            "num_partial_branches": 0,
            "covered_branches": 0,
            "missing_branches": 0
          },
          "missing_lines": [810],
          "excluded_lines": [],
          "executed_branches": [],
          "missing_branches": []
        },
        "": {
          "executed_lines": [],
          "summary": {
            "covered_lines": 0,
            "num_statements": 51,
            "percent_covered": 0.0,
            "percent_covered_display": "0",
            "missing_lines": 51,
            "excluded_lines": 27,
            "num_branches": 0,
            "num_partial_branches": 0,
            "covered_branches": 0,
            "missing_branches": 0
          },
          "missing_lines": [
            11, 13, 14, 15, 16, 17, 18, 20, 21, 23, 24, 26, 29, 32, 33, 51, 54,
            59, 84, 93, 96, 103, 152, 186, 214, 238, 279, 322, 368, 405, 416,
            467, 491, 525, 550, 586, 601, 646, 677, 705, 733, 749, 757, 783,
            791, 800, 803, 814, 815, 816, 817
          ],
          "excluded_lines": [
            37, 38, 39, 40, 41, 44, 45, 46, 47, 48, 62, 63, 64, 65, 66, 67, 68,
            69, 73, 74, 75, 76, 77, 78, 79, 87, 88
          ],
          "executed_branches": [],
          "missing_branches": []
        }
      },
      "classes": {
        "DirectoryOperationResult": {
          "executed_lines": [],
          "summary": {
            "covered_lines": 0,
            "num_statements": 0,
            "percent_covered": 100.0,
            "percent_covered_display": "100",
            "missing_lines": 0,
            "excluded_lines": 0,
            "num_branches": 0,
            "num_partial_branches": 0,
            "covered_branches": 0,
            "missing_branches": 0
          },
          "missing_lines": [],
          "excluded_lines": [],
          "executed_branches": [],
          "missing_branches": []
        },
        "FlextLdapDirectoryConnectionProtocol": {
          "executed_lines": [],
          "summary": {
            "covered_lines": 0,
            "num_statements": 0,
            "percent_covered": 100.0,
            "percent_covered_display": "100",
            "missing_lines": 0,
            "excluded_lines": 0,
            "num_branches": 0,
            "num_partial_branches": 0,
            "covered_branches": 0,
            "missing_branches": 0
          },
          "missing_lines": [],
          "excluded_lines": [],
          "executed_branches": [],
          "missing_branches": []
        },
        "FlextLdapDirectoryEntryProtocol": {
          "executed_lines": [],
          "summary": {
            "covered_lines": 0,
            "num_statements": 0,
            "percent_covered": 100.0,
            "percent_covered_display": "100",
            "missing_lines": 0,
            "excluded_lines": 0,
            "num_branches": 0,
            "num_partial_branches": 0,
            "covered_branches": 0,
            "missing_branches": 0
          },
          "missing_lines": [],
          "excluded_lines": [],
          "executed_branches": [],
          "missing_branches": []
        },
        "FlextLdapDirectoryEntry": {
          "executed_lines": [],
          "summary": {
            "covered_lines": 0,
            "num_statements": 2,
            "percent_covered": 0.0,
            "percent_covered_display": "0",
            "missing_lines": 2,
            "excluded_lines": 0,
            "num_branches": 0,
            "num_partial_branches": 0,
            "covered_branches": 0,
            "missing_branches": 0
          },
          "missing_lines": [55, 56],
          "excluded_lines": [],
          "executed_branches": [],
          "missing_branches": []
        },
        "FlextLdapDirectoryServiceInterface": {
          "executed_lines": [],
          "summary": {
            "covered_lines": 0,
            "num_statements": 0,
            "percent_covered": 100.0,
            "percent_covered_display": "100",
            "missing_lines": 0,
            "excluded_lines": 4,
            "num_branches": 0,
            "num_partial_branches": 0,
            "covered_branches": 0,
            "missing_branches": 0
          },
          "missing_lines": [],
          "excluded_lines": [70, 71, 80, 81],
          "executed_branches": [],
          "missing_branches": []
        },
        "FlextLdapDirectoryAdapterInterface": {
          "executed_lines": [],
          "summary": {
            "covered_lines": 0,
            "num_statements": 0,
            "percent_covered": 100.0,
            "percent_covered_display": "100",
            "missing_lines": 0,
            "excluded_lines": 2,
            "num_branches": 0,
            "num_partial_branches": 0,
            "covered_branches": 0,
            "missing_branches": 0
          },
          "missing_lines": [],
          "excluded_lines": [89, 90],
          "executed_branches": [],
          "missing_branches": []
        },
        "FlextLdapDirectoryService": {
          "executed_lines": [],
          "summary": {
            "covered_lines": 0,
            "num_statements": 241,
            "percent_covered": 0.0,
            "percent_covered_display": "0",
            "missing_lines": 241,
            "excluded_lines": 0,
            "num_branches": 52,
            "num_partial_branches": 0,
            "covered_branches": 0,
            "missing_branches": 52
          },
          "missing_lines": [
            98, 99, 100, 101, 121, 129, 131, 133, 134, 138, 139, 140, 144, 145,
            146, 150, 160, 161, 162, 164, 165, 166, 167, 168, 169, 171, 172,
            173, 176, 184, 191, 192, 193, 194, 196, 206, 211, 212, 219, 220,
            222, 223, 224, 225, 233, 235, 236, 244, 245, 247, 249, 254, 255,
            256, 257, 258, 260, 261, 264, 265, 269, 272, 273, 274, 275, 277,
            293, 301, 303, 309, 310, 311, 312, 313, 314, 315, 316, 317, 318,
            319, 320, 332, 335, 337, 347, 353, 354, 362, 365, 366, 375, 376,
            377, 378, 379, 381, 382, 386, 387, 389, 390, 393, 394, 395, 397,
            400, 401, 402, 403, 410, 411, 413, 414, 424, 430, 431, 432, 434,
            441, 443, 446, 448, 456, 465, 477, 480, 481, 482, 483, 484, 485,
            486, 487, 488, 489, 508, 510, 516, 517, 518, 519, 520, 521, 522,
            523, 534, 537, 543, 544, 547, 548, 557, 558, 559, 560, 561, 569,
            571, 578, 579, 582, 583, 584, 591, 592, 593, 597, 599, 616, 618,
            621, 628, 629, 631, 633, 635, 637, 639, 640, 641, 642, 643, 644,
            659, 660, 662, 663, 664, 665, 667, 669, 672, 673, 675, 682, 683,
            684, 685, 687, 688, 690, 693, 694, 697, 698, 700, 701, 702, 703,
            720, 722, 724, 725, 726, 727, 728, 729, 730, 731, 741, 747, 751,
            752, 753, 755, 770, 772, 774, 775, 776, 777, 778, 779, 780, 781,
            787, 789, 793, 794, 795, 797
          ],
          "excluded_lines": [],
          "executed_branches": [],
          "missing_branches": [
            [161, 162],
            [161, 164],
            [165, 166],
            [165, 167],
            [168, 169],
            [168, 171],
            [172, 173],
            [172, 176],
            [224, 225],
            [224, 235],
            [244, 245],
            [244, 247],
            [256, 257],
            [256, 260],
            [264, 265],
            [264, 272],
            [353, 354],
            [353, 365],
            [378, 379],
            [378, 389],
            [410, 411],
            [410, 413],
            [432, 434],
            [432, 456],
            [481, 482],
            [481, 483],
            [543, 544],
            [543, 547],
            [559, 560],
            [559, 571],
            [592, 593],
            [592, 599],
            [628, 629],
            [628, 637],
            [631, 633],
            [631, 635],
            [662, 663],
            [662, 672],
            [663, 664],
            [663, 669],
            [664, 665],
            [664, 667],
            [672, 673],
            [672, 675],
            [684, 685],
            [684, 697],
            [690, 693],
            [690, 694],
            [751, 752],
            [751, 755],
            [793, 794],
            [793, 797]
          ]
        },
        "FlextLdapDirectoryAdapter": {
          "executed_lines": [],
          "summary": {
            "covered_lines": 0,
            "num_statements": 1,
            "percent_covered": 0.0,
            "percent_covered_display": "0",
            "missing_lines": 1,
            "excluded_lines": 0,
            "num_branches": 0,
            "num_partial_branches": 0,
            "covered_branches": 0,
            "missing_branches": 0
          },
          "missing_lines": [810],
          "excluded_lines": [],
          "executed_branches": [],
          "missing_branches": []
        },
        "": {
          "executed_lines": [],
          "summary": {
            "covered_lines": 0,
            "num_statements": 51,
            "percent_covered": 0.0,
            "percent_covered_display": "0",
            "missing_lines": 51,
            "excluded_lines": 27,
            "num_branches": 0,
            "num_partial_branches": 0,
            "covered_branches": 0,
            "missing_branches": 0
          },
          "missing_lines": [
            11, 13, 14, 15, 16, 17, 18, 20, 21, 23, 24, 26, 29, 32, 33, 51, 54,
            59, 84, 93, 96, 103, 152, 186, 214, 238, 279, 322, 368, 405, 416,
            467, 491, 525, 550, 586, 601, 646, 677, 705, 733, 749, 757, 783,
            791, 800, 803, 814, 815, 816, 817
          ],
          "excluded_lines": [
            37, 38, 39, 40, 41, 44, 45, 46, 47, 48, 62, 63, 64, 65, 66, 67, 68,
            69, 73, 74, 75, 76, 77, 78, 79, 87, 88
          ],
          "executed_branches": [],
          "missing_branches": []
        }
      }
    },
    "src/flext_ldap/api.py": {
      "executed_lines": [
        1, 45, 47, 48, 49, 50, 52, 60, 61, 66, 67, 69, 72, 75, 76, 133, 157,
        158, 159, 160, 163, 164, 170, 172, 180, 215, 253, 273, 281, 303, 304,
        325, 362, 387, 399, 424, 429, 440, 463, 476, 530, 570, 598, 657, 699,
        741, 777, 794
      ],
      "summary": {
        "covered_lines": 46,
        "num_statements": 252,
        "percent_covered": 14.37125748502994,
        "percent_covered_display": "14",
        "missing_lines": 206,
        "excluded_lines": 0,
        "num_branches": 82,
        "num_partial_branches": 2,
        "covered_branches": 2,
        "missing_branches": 80
      },
      "missing_lines": [
        70, 165, 199, 201, 208, 209, 210, 211, 212, 213, 224, 225, 226, 227,
        230, 237, 240, 241, 242, 245, 246, 247, 248, 251, 261, 265, 269, 270,
        271, 275, 276, 278, 279, 283, 284, 285, 289, 291, 292, 293, 298, 300,
        301, 311, 312, 313, 314, 316, 317, 318, 319, 320, 321, 323, 337, 339,
        340, 343, 350, 351, 354, 356, 357, 359, 360, 370, 375, 382, 383, 385,
        392, 393, 394, 395, 397, 405, 408, 409, 412, 415, 417, 426, 427, 431,
        432, 433, 434, 435, 437, 438, 445, 452, 453, 454, 455, 456, 457, 458,
        459, 461, 468, 469, 470, 471, 473, 474, 482, 483, 484, 487, 490, 491,
        492, 494, 500, 501, 504, 506, 524, 525, 527, 528, 537, 538, 539, 542,
        549, 550, 551, 552, 554, 557, 562, 563, 565, 567, 568, 576, 577, 578,
        581, 588, 590, 591, 593, 595, 596, 606, 607, 608, 611, 614, 619, 620,
        623, 626, 627, 628, 629, 635, 636, 639, 651, 652, 654, 655, 659, 661,
        663, 685, 693, 695, 696, 697, 716, 717, 718, 721, 722, 730, 731, 733,
        734, 735, 736, 738, 739, 758, 759, 760, 764, 765, 767, 768, 769, 770,
        772, 773, 779, 782, 783, 784, 787, 788, 790, 791
      ],
      "excluded_lines": [],
      "executed_branches": [
        [69, 72],
        [164, 170]
      ],
      "missing_branches": [
        [69, 70],
        [164, 165],
        [241, 242],
        [241, 245],
        [245, 246],
        [245, 251],
        [247, 248],
        [247, 251],
        [284, 285],
        [284, 289],
        [291, 292],
        [291, 298],
        [312, 313],
        [312, 316],
        [317, 318],
        [317, 320],
        [339, 340],
        [339, 343],
        [350, 351],
        [350, 354],
        [382, 383],
        [382, 385],
        [393, 394],
        [393, 397],
        [432, 433],
        [432, 438],
        [433, 434],
        [433, 438],
        [434, 435],
        [434, 437],
        [452, 453],
        [452, 454],
        [454, 455],
        [454, 456],
        [456, 457],
        [456, 458],
        [458, 459],
        [458, 461],
        [469, 470],
        [469, 474],
        [470, 471],
        [470, 473],
        [483, 484],
        [483, 487],
        [491, 492],
        [491, 494],
        [500, 501],
        [500, 504],
        [538, 539],
        [538, 542],
        [550, 551],
        [550, 557],
        [551, 552],
        [551, 554],
        [562, 563],
        [562, 565],
        [577, 578],
        [577, 581],
        [590, 591],
        [590, 593],
        [607, 608],
        [607, 611],
        [619, 620],
        [619, 623],
        [627, 628],
        [627, 629],
        [635, 636],
        [635, 639],
        [717, 718],
        [717, 721],
        [733, 734],
        [733, 736],
        [759, 760],
        [759, 764],
        [767, 768],
        [767, 770],
        [783, 784],
        [783, 787],
        [788, 790],
        [788, 791]
      ],
      "functions": {
        "FlextLdapApi.__init__": {
          "executed_lines": [157, 158, 159, 160, 163, 164, 170, 172],
          "summary": {
            "covered_lines": 8,
            "num_statements": 9,
            "percent_covered": 81.81818181818181,
            "percent_covered_display": "82",
            "missing_lines": 1,
            "excluded_lines": 0,
            "num_branches": 2,
            "num_partial_branches": 1,
            "covered_branches": 1,
            "missing_branches": 1
          },
          "missing_lines": [165],
          "excluded_lines": [],
          "executed_branches": [[164, 170]],
          "missing_branches": [[164, 165]]
        },
        "FlextLdapApi.connect": {
          "executed_lines": [],
          "summary": {
            "covered_lines": 0,
            "num_statements": 8,
            "percent_covered": 0.0,
            "percent_covered_display": "0",
            "missing_lines": 8,
            "excluded_lines": 0,
            "num_branches": 0,
            "num_partial_branches": 0,
            "covered_branches": 0,
            "missing_branches": 0
          },
          "missing_lines": [199, 201, 208, 209, 210, 211, 212, 213],
          "excluded_lines": [],
          "executed_branches": [],
          "missing_branches": []
        },
        "FlextLdapApi._execute_connection_pipeline": {
          "executed_lines": [],
          "summary": {
            "covered_lines": 0,
            "num_statements": 14,
            "percent_covered": 0.0,
            "percent_covered_display": "0",
            "missing_lines": 14,
            "excluded_lines": 0,
            "num_branches": 6,
            "num_partial_branches": 0,
            "covered_branches": 0,
            "missing_branches": 6
          },
          "missing_lines": [
            224, 225, 226, 227, 230, 237, 240, 241, 242, 245, 246, 247, 248, 251
          ],
          "excluded_lines": [],
          "executed_branches": [],
          "missing_branches": [
            [241, 242],
            [241, 245],
            [245, 246],
            [245, 251],
            [247, 248],
            [247, 251]
          ]
        },
        "FlextLdapApi._authenticate_connection": {
          "executed_lines": [],
          "summary": {
            "covered_lines": 0,
            "num_statements": 5,
            "percent_covered": 0.0,
            "percent_covered_display": "0",
            "missing_lines": 5,
            "excluded_lines": 0,
            "num_branches": 0,
            "num_partial_branches": 0,
            "covered_branches": 0,
            "missing_branches": 0
          },
          "missing_lines": [261, 265, 269, 270, 271],
          "excluded_lines": [],
          "executed_branches": [],
          "missing_branches": []
        },
        "FlextLdapApi._create_session": {
          "executed_lines": [],
          "summary": {
            "covered_lines": 0,
            "num_statements": 4,
            "percent_covered": 0.0,
            "percent_covered_display": "0",
            "missing_lines": 4,
            "excluded_lines": 0,
            "num_branches": 0,
            "num_partial_branches": 0,
            "covered_branches": 0,
            "missing_branches": 0
          },
          "missing_lines": [275, 276, 278, 279],
          "excluded_lines": [],
          "executed_branches": [],
          "missing_branches": []
        },
        "FlextLdapApi.disconnect": {
          "executed_lines": [],
          "summary": {
            "covered_lines": 0,
            "num_statements": 10,
            "percent_covered": 0.0,
            "percent_covered_display": "0",
            "missing_lines": 10,
            "excluded_lines": 0,
            "num_branches": 4,
            "num_partial_branches": 0,
            "covered_branches": 0,
            "missing_branches": 4
          },
          "missing_lines": [283, 284, 285, 289, 291, 292, 293, 298, 300, 301],
          "excluded_lines": [],
          "executed_branches": [],
          "missing_branches": [
            [284, 285],
            [284, 289],
            [291, 292],
            [291, 298]
          ]
        },
        "FlextLdapApi.connection": {
          "executed_lines": [],
          "summary": {
            "covered_lines": 0,
            "num_statements": 11,
            "percent_covered": 0.0,
            "percent_covered_display": "0",
            "missing_lines": 11,
            "excluded_lines": 0,
            "num_branches": 4,
            "num_partial_branches": 0,
            "covered_branches": 0,
            "missing_branches": 4
          },
          "missing_lines": [
            311, 312, 313, 314, 316, 317, 318, 319, 320, 321, 323
          ],
          "excluded_lines": [],
          "executed_branches": [],
          "missing_branches": [
            [312, 313],
            [312, 316],
            [317, 318],
            [317, 320]
          ]
        },
        "FlextLdapApi.search": {
          "executed_lines": [],
          "summary": {
            "covered_lines": 0,
            "num_statements": 11,
            "percent_covered": 0.0,
            "percent_covered_display": "0",
            "missing_lines": 11,
            "excluded_lines": 0,
            "num_branches": 4,
            "num_partial_branches": 0,
            "covered_branches": 0,
            "missing_branches": 4
          },
          "missing_lines": [
            337, 339, 340, 343, 350, 351, 354, 356, 357, 359, 360
          ],
          "excluded_lines": [],
          "executed_branches": [],
          "missing_branches": [
            [339, 340],
            [339, 343],
            [350, 351],
            [350, 354]
          ]
        },
        "FlextLdapApi._execute_ldap_search": {
          "executed_lines": [],
          "summary": {
            "covered_lines": 0,
            "num_statements": 5,
            "percent_covered": 0.0,
            "percent_covered_display": "0",
            "missing_lines": 5,
            "excluded_lines": 0,
            "num_branches": 2,
            "num_partial_branches": 0,
            "covered_branches": 0,
            "missing_branches": 2
          },
          "missing_lines": [370, 375, 382, 383, 385],
          "excluded_lines": [],
          "executed_branches": [],
          "missing_branches": [
            [382, 383],
            [382, 385]
          ]
        },
        "FlextLdapApi._convert_to_domain_entities": {
          "executed_lines": [],
          "summary": {
            "covered_lines": 0,
            "num_statements": 5,
            "percent_covered": 0.0,
            "percent_covered_display": "0",
            "missing_lines": 5,
            "excluded_lines": 0,
            "num_branches": 2,
            "num_partial_branches": 0,
            "covered_branches": 0,
            "missing_branches": 2
          },
          "missing_lines": [392, 393, 394, 395, 397],
          "excluded_lines": [],
          "executed_branches": [],
          "missing_branches": [
            [393, 394],
            [393, 397]
          ]
        },
        "FlextLdapApi._create_ldap_entry_from_raw": {
          "executed_lines": [],
          "summary": {
            "covered_lines": 0,
            "num_statements": 6,
            "percent_covered": 0.0,
            "percent_covered_display": "0",
            "missing_lines": 6,
            "excluded_lines": 0,
            "num_branches": 0,
            "num_partial_branches": 0,
            "covered_branches": 0,
            "missing_branches": 0
          },
          "missing_lines": [405, 408, 409, 412, 415, 417],
          "excluded_lines": [],
          "executed_branches": [],
          "missing_branches": []
        },
        "FlextLdapApi._extract_object_classes": {
          "executed_lines": [],
          "summary": {
            "covered_lines": 0,
            "num_statements": 2,
            "percent_covered": 0.0,
            "percent_covered_display": "0",
            "missing_lines": 2,
            "excluded_lines": 0,
            "num_branches": 0,
            "num_partial_branches": 0,
            "covered_branches": 0,
            "missing_branches": 0
          },
          "missing_lines": [426, 427],
          "excluded_lines": [],
          "executed_branches": [],
          "missing_branches": []
        },
        "FlextLdapApi._format_attributes": {
          "executed_lines": [],
          "summary": {
            "covered_lines": 0,
            "num_statements": 7,
            "percent_covered": 0.0,
            "percent_covered_display": "0",
            "missing_lines": 7,
            "excluded_lines": 0,
            "num_branches": 6,
            "num_partial_branches": 0,
            "covered_branches": 0,
            "missing_branches": 6
          },
          "missing_lines": [431, 432, 433, 434, 435, 437, 438],
          "excluded_lines": [],
          "executed_branches": [],
          "missing_branches": [
            [432, 433],
            [432, 438],
            [433, 434],
            [433, 438],
            [434, 435],
            [434, 437]
          ]
        },
        "FlextLdapApi._build_user_attributes": {
          "executed_lines": [],
          "summary": {
            "covered_lines": 0,
            "num_statements": 10,
            "percent_covered": 0.0,
            "percent_covered_display": "0",
            "missing_lines": 10,
            "excluded_lines": 0,
            "num_branches": 8,
            "num_partial_branches": 0,
            "covered_branches": 0,
            "missing_branches": 8
          },
          "missing_lines": [445, 452, 453, 454, 455, 456, 457, 458, 459, 461],
          "excluded_lines": [],
          "executed_branches": [],
          "missing_branches": [
            [452, 453],
            [452, 454],
            [454, 455],
            [454, 456],
            [456, 457],
            [456, 458],
            [458, 459],
            [458, 461]
          ]
        },
        "FlextLdapApi._format_attributes_for_entity": {
          "executed_lines": [],
          "summary": {
            "covered_lines": 0,
            "num_statements": 6,
            "percent_covered": 0.0,
            "percent_covered_display": "0",
            "missing_lines": 6,
            "excluded_lines": 0,
            "num_branches": 4,
            "num_partial_branches": 0,
            "covered_branches": 0,
            "missing_branches": 4
          },
          "missing_lines": [468, 469, 470, 471, 473, 474],
          "excluded_lines": [],
          "executed_branches": [],
          "missing_branches": [
            [469, 470],
            [469, 474],
            [470, 471],
            [470, 473]
          ]
        },
        "FlextLdapApi.create_user": {
          "executed_lines": [],
          "summary": {
            "covered_lines": 0,
            "num_statements": 16,
            "percent_covered": 0.0,
            "percent_covered_display": "0",
            "missing_lines": 16,
            "excluded_lines": 0,
            "num_branches": 6,
            "num_partial_branches": 0,
            "covered_branches": 0,
            "missing_branches": 6
          },
          "missing_lines": [
            482, 483, 484, 487, 490, 491, 492, 494, 500, 501, 504, 506, 524,
            525, 527, 528
          ],
          "excluded_lines": [],
          "executed_branches": [],
          "missing_branches": [
            [483, 484],
            [483, 487],
            [491, 492],
            [491, 494],
            [500, 501],
            [500, 504]
          ]
        },
        "FlextLdapApi.update_user": {
          "executed_lines": [],
          "summary": {
            "covered_lines": 0,
            "num_statements": 15,
            "percent_covered": 0.0,
            "percent_covered_display": "0",
            "missing_lines": 15,
            "excluded_lines": 0,
            "num_branches": 8,
            "num_partial_branches": 0,
            "covered_branches": 0,
            "missing_branches": 8
          },
          "missing_lines": [
            537, 538, 539, 542, 549, 550, 551, 552, 554, 557, 562, 563, 565,
            567, 568
          ],
          "excluded_lines": [],
          "executed_branches": [],
          "missing_branches": [
            [538, 539],
            [538, 542],
            [550, 551],
            [550, 557],
            [551, 552],
            [551, 554],
            [562, 563],
            [562, 565]
          ]
        },
        "FlextLdapApi.delete_user": {
          "executed_lines": [],
          "summary": {
            "covered_lines": 0,
            "num_statements": 10,
            "percent_covered": 0.0,
            "percent_covered_display": "0",
            "missing_lines": 10,
            "excluded_lines": 0,
            "num_branches": 4,
            "num_partial_branches": 0,
            "covered_branches": 0,
            "missing_branches": 4
          },
          "missing_lines": [576, 577, 578, 581, 588, 590, 591, 593, 595, 596],
          "excluded_lines": [],
          "executed_branches": [],
          "missing_branches": [
            [577, 578],
            [577, 581],
            [590, 591],
            [590, 593]
          ]
        },
        "FlextLdapApi.create_group": {
          "executed_lines": [],
          "summary": {
            "covered_lines": 0,
            "num_statements": 19,
            "percent_covered": 0.0,
            "percent_covered_display": "0",
            "missing_lines": 19,
            "excluded_lines": 0,
            "num_branches": 8,
            "num_partial_branches": 0,
            "covered_branches": 0,
            "missing_branches": 8
          },
          "missing_lines": [
            606, 607, 608, 611, 614, 619, 620, 623, 626, 627, 628, 629, 635,
            636, 639, 651, 652, 654, 655
          ],
          "excluded_lines": [],
          "executed_branches": [],
          "missing_branches": [
            [607, 608],
            [607, 611],
            [619, 620],
            [619, 623],
            [627, 628],
            [627, 629],
            [635, 636],
            [635, 639]
          ]
        },
        "FlextLdapApi.health": {
          "executed_lines": [],
          "summary": {
            "covered_lines": 0,
            "num_statements": 8,
            "percent_covered": 0.0,
            "percent_covered_display": "0",
            "missing_lines": 8,
            "excluded_lines": 0,
            "num_branches": 0,
            "num_partial_branches": 0,
            "covered_branches": 0,
            "missing_branches": 0
          },
          "missing_lines": [659, 661, 663, 685, 693, 695, 696, 697],
          "excluded_lines": [],
          "executed_branches": [],
          "missing_branches": []
        },
        "FlextLdapApi.add_entry": {
          "executed_lines": [],
          "summary": {
            "covered_lines": 0,
            "num_statements": 13,
            "percent_covered": 0.0,
            "percent_covered_display": "0",
            "missing_lines": 13,
            "excluded_lines": 0,
            "num_branches": 4,
            "num_partial_branches": 0,
            "covered_branches": 0,
            "missing_branches": 4
          },
          "missing_lines": [
            716, 717, 718, 721, 722, 730, 731, 733, 734, 735, 736, 738, 739
          ],
          "excluded_lines": [],
          "executed_branches": [],
          "missing_branches": [
            [717, 718],
            [717, 721],
            [733, 734],
            [733, 736]
          ]
        },
        "FlextLdapApi.modify_entry": {
          "executed_lines": [],
          "summary": {
            "covered_lines": 0,
            "num_statements": 11,
            "percent_covered": 0.0,
            "percent_covered_display": "0",
            "missing_lines": 11,
            "excluded_lines": 0,
            "num_branches": 4,
            "num_partial_branches": 0,
            "covered_branches": 0,
            "missing_branches": 4
          },
          "missing_lines": [
            758, 759, 760, 764, 765, 767, 768, 769, 770, 772, 773
          ],
          "excluded_lines": [],
          "executed_branches": [],
          "missing_branches": [
            [759, 760],
            [759, 764],
            [767, 768],
            [767, 770]
          ]
        },
        "get_ldap_api": {
          "executed_lines": [],
          "summary": {
            "covered_lines": 0,
            "num_statements": 8,
            "percent_covered": 0.0,
            "percent_covered_display": "0",
            "missing_lines": 8,
            "excluded_lines": 0,
            "num_branches": 4,
            "num_partial_branches": 0,
            "covered_branches": 0,
            "missing_branches": 4
          },
          "missing_lines": [779, 782, 783, 784, 787, 788, 790, 791],
          "excluded_lines": [],
          "executed_branches": [],
          "missing_branches": [
            [783, 784],
            [783, 787],
            [788, 790],
            [788, 791]
          ]
        },
        "": {
          "executed_lines": [
            1, 45, 47, 48, 49, 50, 52, 60, 61, 66, 67, 69, 72, 75, 76, 133, 180,
            215, 253, 273, 281, 303, 304, 325, 362, 387, 399, 424, 429, 440,
            463, 476, 530, 570, 598, 657, 699, 741, 777, 794
          ],
          "summary": {
            "covered_lines": 38,
            "num_statements": 39,
            "percent_covered": 95.1219512195122,
            "percent_covered_display": "95",
            "missing_lines": 1,
            "excluded_lines": 0,
            "num_branches": 2,
            "num_partial_branches": 1,
            "covered_branches": 1,
            "missing_branches": 1
          },
          "missing_lines": [70],
          "excluded_lines": [],
          "executed_branches": [[69, 72]],
          "missing_branches": [[69, 70]]
        }
      },
      "classes": {
        "FlextLdapApi": {
          "executed_lines": [157, 158, 159, 160, 163, 164, 170, 172],
          "summary": {
            "covered_lines": 8,
            "num_statements": 205,
            "percent_covered": 3.202846975088968,
            "percent_covered_display": "3",
            "missing_lines": 197,
            "excluded_lines": 0,
            "num_branches": 76,
            "num_partial_branches": 1,
            "covered_branches": 1,
            "missing_branches": 75
          },
          "missing_lines": [
            165, 199, 201, 208, 209, 210, 211, 212, 213, 224, 225, 226, 227,
            230, 237, 240, 241, 242, 245, 246, 247, 248, 251, 261, 265, 269,
            270, 271, 275, 276, 278, 279, 283, 284, 285, 289, 291, 292, 293,
            298, 300, 301, 311, 312, 313, 314, 316, 317, 318, 319, 320, 321,
            323, 337, 339, 340, 343, 350, 351, 354, 356, 357, 359, 360, 370,
            375, 382, 383, 385, 392, 393, 394, 395, 397, 405, 408, 409, 412,
            415, 417, 426, 427, 431, 432, 433, 434, 435, 437, 438, 445, 452,
            453, 454, 455, 456, 457, 458, 459, 461, 468, 469, 470, 471, 473,
            474, 482, 483, 484, 487, 490, 491, 492, 494, 500, 501, 504, 506,
            524, 525, 527, 528, 537, 538, 539, 542, 549, 550, 551, 552, 554,
            557, 562, 563, 565, 567, 568, 576, 577, 578, 581, 588, 590, 591,
            593, 595, 596, 606, 607, 608, 611, 614, 619, 620, 623, 626, 627,
            628, 629, 635, 636, 639, 651, 652, 654, 655, 659, 661, 663, 685,
            693, 695, 696, 697, 716, 717, 718, 721, 722, 730, 731, 733, 734,
            735, 736, 738, 739, 758, 759, 760, 764, 765, 767, 768, 769, 770,
            772, 773
          ],
          "excluded_lines": [],
          "executed_branches": [[164, 170]],
          "missing_branches": [
            [164, 165],
            [241, 242],
            [241, 245],
            [245, 246],
            [245, 251],
            [247, 248],
            [247, 251],
            [284, 285],
            [284, 289],
            [291, 292],
            [291, 298],
            [312, 313],
            [312, 316],
            [317, 318],
            [317, 320],
            [339, 340],
            [339, 343],
            [350, 351],
            [350, 354],
            [382, 383],
            [382, 385],
            [393, 394],
            [393, 397],
            [432, 433],
            [432, 438],
            [433, 434],
            [433, 438],
            [434, 435],
            [434, 437],
            [452, 453],
            [452, 454],
            [454, 455],
            [454, 456],
            [456, 457],
            [456, 458],
            [458, 459],
            [458, 461],
            [469, 470],
            [469, 474],
            [470, 471],
            [470, 473],
            [483, 484],
            [483, 487],
            [491, 492],
            [491, 494],
            [500, 501],
            [500, 504],
            [538, 539],
            [538, 542],
            [550, 551],
            [550, 557],
            [551, 552],
            [551, 554],
            [562, 563],
            [562, 565],
            [577, 578],
            [577, 581],
            [590, 591],
            [590, 593],
            [607, 608],
            [607, 611],
            [619, 620],
            [619, 623],
            [627, 628],
            [627, 629],
            [635, 636],
            [635, 639],
            [717, 718],
            [717, 721],
            [733, 734],
            [733, 736],
            [759, 760],
            [759, 764],
            [767, 768],
            [767, 770]
          ]
        },
        "": {
          "executed_lines": [
            1, 45, 47, 48, 49, 50, 52, 60, 61, 66, 67, 69, 72, 75, 76, 133, 180,
            215, 253, 273, 281, 303, 304, 325, 362, 387, 399, 424, 429, 440,
            463, 476, 530, 570, 598, 657, 699, 741, 777, 794
          ],
          "summary": {
            "covered_lines": 38,
            "num_statements": 47,
            "percent_covered": 73.58490566037736,
            "percent_covered_display": "74",
            "missing_lines": 9,
            "excluded_lines": 0,
            "num_branches": 6,
            "num_partial_branches": 1,
            "covered_branches": 1,
            "missing_branches": 5
          },
          "missing_lines": [70, 779, 782, 783, 784, 787, 788, 790, 791],
          "excluded_lines": [],
          "executed_branches": [[69, 72]],
          "missing_branches": [
            [69, 70],
            [783, 784],
            [783, 787],
            [788, 790],
            [788, 791]
          ]
        }
      }
    },
    "src/flext_ldap/application/__init__.py": {
      "executed_lines": [1, 8, 10, 11, 27],
      "summary": {
        "covered_lines": 4,
        "num_statements": 4,
        "percent_covered": 100.0,
        "percent_covered_display": "100",
        "missing_lines": 0,
        "excluded_lines": 0,
        "num_branches": 0,
        "num_partial_branches": 0,
        "covered_branches": 0,
        "missing_branches": 0
      },
      "missing_lines": [],
      "excluded_lines": [],
      "executed_branches": [],
      "missing_branches": [],
      "functions": {
        "": {
          "executed_lines": [1, 8, 10, 11, 27],
          "summary": {
            "covered_lines": 4,
            "num_statements": 4,
            "percent_covered": 100.0,
            "percent_covered_display": "100",
            "missing_lines": 0,
            "excluded_lines": 0,
            "num_branches": 0,
            "num_partial_branches": 0,
            "covered_branches": 0,
            "missing_branches": 0
          },
          "missing_lines": [],
          "excluded_lines": [],
          "executed_branches": [],
          "missing_branches": []
        }
      },
      "classes": {
        "": {
          "executed_lines": [1, 8, 10, 11, 27],
          "summary": {
            "covered_lines": 4,
            "num_statements": 4,
            "percent_covered": 100.0,
            "percent_covered_display": "100",
            "missing_lines": 0,
            "excluded_lines": 0,
            "num_branches": 0,
            "num_partial_branches": 0,
            "covered_branches": 0,
            "missing_branches": 0
          },
          "missing_lines": [],
          "excluded_lines": [],
          "executed_branches": [],
          "missing_branches": []
        }
      }
    },
    "src/flext_ldap/application/ldap_service.py": {
      "executed_lines": [
        1, 14, 16, 17, 19, 21, 22, 24, 28, 31, 32, 38, 40, 41, 42, 44, 46, 48,
        55, 57, 59, 65, 66, 67, 68, 70, 74, 81, 83, 84, 86, 87, 89, 92, 93, 94,
        95, 96, 109, 117, 119, 120, 122, 124, 127, 129, 130, 134, 147, 152, 154,
        155, 157, 159, 162, 169, 170, 171, 173, 174, 177, 178, 180, 181, 183,
        184, 186, 195, 196, 198, 199, 206, 215, 217, 219, 226, 233, 234, 235,
        236, 239, 240, 243, 244, 248, 249, 253, 260, 262, 264, 265, 267, 270,
        272, 274, 275, 278, 279, 282, 284, 290, 291, 292, 300, 305, 307, 309,
        316, 319, 320, 321, 322, 325, 326, 329, 330, 334, 335, 339, 345, 347,
        353, 354, 355, 363, 372, 380, 381, 383, 385, 386, 389, 392, 399, 400,
        401, 403, 404, 405, 407, 408, 416, 418, 419, 429, 432, 434, 440, 441,
        442
      ],
      "summary": {
        "covered_lines": 148,
        "num_statements": 202,
        "percent_covered": 71.42857142857143,
        "percent_covered_display": "71",
        "missing_lines": 54,
        "excluded_lines": 0,
        "num_branches": 64,
        "num_partial_branches": 22,
        "covered_branches": 42,
        "missing_branches": 22
      },
      "missing_lines": [
        25, 26, 76, 77, 78, 79, 90, 98, 102, 104, 105, 106, 107, 125, 136, 140,
        142, 143, 144, 145, 160, 201, 202, 203, 204, 221, 222, 223, 224, 241,
        245, 250, 268, 276, 280, 294, 298, 311, 312, 313, 314, 327, 331, 336,
        357, 361, 390, 421, 422, 424, 425, 426, 427, 443
      ],
      "excluded_lines": [],
      "executed_branches": [
        [24, 28],
        [65, 66],
        [65, 70],
        [83, 84],
        [83, 86],
        [89, 92],
        [93, 94],
        [119, 120],
        [119, 122],
        [124, 127],
        [129, 130],
        [154, 155],
        [154, 157],
        [159, 162],
        [169, 170],
        [169, 198],
        [171, 173],
        [234, 235],
        [234, 239],
        [240, 243],
        [244, 248],
        [249, 253],
        [264, 265],
        [264, 267],
        [267, 270],
        [275, 278],
        [279, 282],
        [290, 291],
        [320, 321],
        [320, 325],
        [326, 329],
        [330, 334],
        [335, 339],
        [353, 354],
        [380, 381],
        [380, 383],
        [389, 392],
        [399, 400],
        [401, 403],
        [401, 418],
        [407, 408],
        [441, 442]
      ],
      "missing_branches": [
        [24, 25],
        [89, 90],
        [93, 98],
        [124, 125],
        [129, 136],
        [159, 160],
        [171, 198],
        [240, 241],
        [244, 245],
        [249, 250],
        [267, 268],
        [275, 276],
        [279, 280],
        [290, 294],
        [326, 327],
        [330, 331],
        [335, 336],
        [353, 357],
        [389, 390],
        [399, 421],
        [407, 401],
        [441, 443]
      ],
      "functions": {
        "FlextLdapService.__init__": {
          "executed_lines": [40, 41, 42],
          "summary": {
            "covered_lines": 3,
            "num_statements": 3,
            "percent_covered": 100.0,
            "percent_covered_display": "100",
            "missing_lines": 0,
            "excluded_lines": 0,
            "num_branches": 0,
            "num_partial_branches": 0,
            "covered_branches": 0,
            "missing_branches": 0
          },
          "missing_lines": [],
          "excluded_lines": [],
          "executed_branches": [],
          "missing_branches": []
        },
        "FlextLdapService.is_connected": {
          "executed_lines": [46],
          "summary": {
            "covered_lines": 1,
            "num_statements": 1,
            "percent_covered": 100.0,
            "percent_covered_display": "100",
            "missing_lines": 0,
            "excluded_lines": 0,
            "num_branches": 0,
            "num_partial_branches": 0,
            "covered_branches": 0,
            "missing_branches": 0
          },
          "missing_lines": [],
          "excluded_lines": [],
          "executed_branches": [],
          "missing_branches": []
        },
        "FlextLdapService.connect": {
          "executed_lines": [55, 57, 59, 65, 66, 67, 68, 70, 74],
          "summary": {
            "covered_lines": 9,
            "num_statements": 13,
            "percent_covered": 73.33333333333333,
            "percent_covered_display": "73",
            "missing_lines": 4,
            "excluded_lines": 0,
            "num_branches": 2,
            "num_partial_branches": 0,
            "covered_branches": 2,
            "missing_branches": 0
          },
          "missing_lines": [76, 77, 78, 79],
          "excluded_lines": [],
          "executed_branches": [
            [65, 66],
            [65, 70]
          ],
          "missing_branches": []
        },
        "FlextLdapService.disconnect": {
          "executed_lines": [83, 84, 86, 87, 89, 92, 93, 94, 95, 96],
          "summary": {
            "covered_lines": 10,
            "num_statements": 17,
            "percent_covered": 60.869565217391305,
            "percent_covered_display": "61",
            "missing_lines": 7,
            "excluded_lines": 0,
            "num_branches": 6,
            "num_partial_branches": 2,
            "covered_branches": 4,
            "missing_branches": 2
          },
          "missing_lines": [90, 98, 102, 104, 105, 106, 107],
          "excluded_lines": [],
          "executed_branches": [
            [83, 84],
            [83, 86],
            [89, 92],
            [93, 94]
          ],
          "missing_branches": [
            [89, 90],
            [93, 98]
          ]
        },
        "FlextLdapService.create_user": {
          "executed_lines": [117, 119, 120, 122, 124, 127, 129, 130, 134],
          "summary": {
            "covered_lines": 9,
            "num_statements": 16,
            "percent_covered": 59.09090909090909,
            "percent_covered_display": "59",
            "missing_lines": 7,
            "excluded_lines": 0,
            "num_branches": 6,
            "num_partial_branches": 2,
            "covered_branches": 4,
            "missing_branches": 2
          },
          "missing_lines": [125, 136, 140, 142, 143, 144, 145],
          "excluded_lines": [],
          "executed_branches": [
            [119, 120],
            [119, 122],
            [124, 127],
            [129, 130]
          ],
          "missing_branches": [
            [124, 125],
            [129, 136]
          ]
        },
        "FlextLdapService.find_user_by_uid": {
          "executed_lines": [
            152, 154, 155, 157, 159, 162, 169, 170, 171, 173, 174, 177, 178,
            180, 181, 183, 184, 186, 195, 196, 198, 199
          ],
          "summary": {
            "covered_lines": 22,
            "num_statements": 27,
            "percent_covered": 80.0,
            "percent_covered_display": "80",
            "missing_lines": 5,
            "excluded_lines": 0,
            "num_branches": 8,
            "num_partial_branches": 2,
            "covered_branches": 6,
            "missing_branches": 2
          },
          "missing_lines": [160, 201, 202, 203, 204],
          "excluded_lines": [],
          "executed_branches": [
            [154, 155],
            [154, 157],
            [159, 162],
            [169, 170],
            [169, 198],
            [171, 173]
          ],
          "missing_branches": [
            [159, 160],
            [171, 198]
          ]
        },
        "FlextLdapService.update_user": {
          "executed_lines": [215, 217, 219],
          "summary": {
            "covered_lines": 3,
            "num_statements": 7,
            "percent_covered": 42.857142857142854,
            "percent_covered_display": "43",
            "missing_lines": 4,
            "excluded_lines": 0,
            "num_branches": 0,
            "num_partial_branches": 0,
            "covered_branches": 0,
            "missing_branches": 0
          },
          "missing_lines": [221, 222, 223, 224],
          "excluded_lines": [],
          "executed_branches": [],
          "missing_branches": []
        },
        "FlextLdapService._execute_user_update_pipeline": {
          "executed_lines": [
            233, 234, 235, 236, 239, 240, 243, 244, 248, 249, 253, 260
          ],
          "summary": {
            "covered_lines": 12,
            "num_statements": 15,
            "percent_covered": 73.91304347826087,
            "percent_covered_display": "74",
            "missing_lines": 3,
            "excluded_lines": 0,
            "num_branches": 8,
            "num_partial_branches": 3,
            "covered_branches": 5,
            "missing_branches": 3
          },
          "missing_lines": [241, 245, 250],
          "excluded_lines": [],
          "executed_branches": [
[...]
          "executed_lines": [742],
          "summary": {
            "covered_lines": 1,
            "num_statements": 1,
            "percent_covered": 100.0,
            "percent_covered_display": "100",
            "missing_lines": 0,
            "excluded_lines": 0,
            "num_branches": 0,
            "num_partial_branches": 0,
            "covered_branches": 0,
            "missing_branches": 0
          },
          "missing_lines": [],
          "excluded_lines": [],
          "executed_branches": [],
          "missing_branches": []
        },
        "FlextLdapExtendedEntry.get_single_attribute": {
          "executed_lines": [746, 747],
          "summary": {
            "covered_lines": 2,
            "num_statements": 2,
            "percent_covered": 100.0,
            "percent_covered_display": "100",
            "missing_lines": 0,
            "excluded_lines": 0,
            "num_branches": 0,
            "num_partial_branches": 0,
            "covered_branches": 0,
            "missing_branches": 0
          },
          "missing_lines": [],
          "excluded_lines": [],
          "executed_branches": [],
          "missing_branches": []
        },
        "FlextLdapExtendedEntry.get_cn": {
          "executed_lines": [751],
          "summary": {
            "covered_lines": 1,
            "num_statements": 1,
            "percent_covered": 100.0,
            "percent_covered_display": "100",
            "missing_lines": 0,
            "excluded_lines": 0,
            "num_branches": 0,
            "num_partial_branches": 0,
            "covered_branches": 0,
            "missing_branches": 0
          },
          "missing_lines": [],
          "excluded_lines": [],
          "executed_branches": [],
          "missing_branches": []
        },
        "FlextLdapExtendedEntry.get_uid": {
          "executed_lines": [755],
          "summary": {
            "covered_lines": 1,
            "num_statements": 1,
            "percent_covered": 100.0,
            "percent_covered_display": "100",
            "missing_lines": 0,
            "excluded_lines": 0,
            "num_branches": 0,
            "num_partial_branches": 0,
            "covered_branches": 0,
            "missing_branches": 0
          },
          "missing_lines": [],
          "excluded_lines": [],
          "executed_branches": [],
          "missing_branches": []
        },
        "FlextLdapExtendedEntry.get_mail": {
          "executed_lines": [759],
          "summary": {
            "covered_lines": 1,
            "num_statements": 1,
            "percent_covered": 100.0,
            "percent_covered_display": "100",
            "missing_lines": 0,
            "excluded_lines": 0,
            "num_branches": 0,
            "num_partial_branches": 0,
            "covered_branches": 0,
            "missing_branches": 0
          },
          "missing_lines": [],
          "excluded_lines": [],
          "executed_branches": [],
          "missing_branches": []
        },
        "FlextLdapExtendedEntry.is_person": {
          "executed_lines": [763, 764],
          "summary": {
            "covered_lines": 2,
            "num_statements": 2,
            "percent_covered": 100.0,
            "percent_covered_display": "100",
            "missing_lines": 0,
            "excluded_lines": 0,
            "num_branches": 0,
            "num_partial_branches": 0,
            "covered_branches": 0,
            "missing_branches": 0
          },
          "missing_lines": [],
          "excluded_lines": [],
          "executed_branches": [],
          "missing_branches": []
        },
        "FlextLdapExtendedEntry.is_group": {
          "executed_lines": [770, 771],
          "summary": {
            "covered_lines": 2,
            "num_statements": 2,
            "percent_covered": 100.0,
            "percent_covered_display": "100",
            "missing_lines": 0,
            "excluded_lines": 0,
            "num_branches": 0,
            "num_partial_branches": 0,
            "covered_branches": 0,
            "missing_branches": 0
          },
          "missing_lines": [],
          "excluded_lines": [],
          "executed_branches": [],
          "missing_branches": []
        },
        "FlextLdapExtendedEntry.validate_domain_rules": {
          "executed_lines": [],
          "summary": {
            "covered_lines": 0,
            "num_statements": 3,
            "percent_covered": 0.0,
            "percent_covered_display": "0",
            "missing_lines": 3,
            "excluded_lines": 0,
            "num_branches": 2,
            "num_partial_branches": 0,
            "covered_branches": 0,
            "missing_branches": 2
          },
          "missing_lines": [781, 782, 783],
          "excluded_lines": [],
          "executed_branches": [],
          "missing_branches": [
            [781, 782],
            [781, 783]
          ]
        },
        "FlextLdapCreateUserRequest.validate_domain_rules": {
          "executed_lines": [844, 846, 847, 849],
          "summary": {
            "covered_lines": 4,
            "num_statements": 4,
            "percent_covered": 100.0,
            "percent_covered_display": "100",
            "missing_lines": 0,
            "excluded_lines": 0,
            "num_branches": 2,
            "num_partial_branches": 0,
            "covered_branches": 2,
            "missing_branches": 0
          },
          "missing_lines": [],
          "excluded_lines": [],
          "executed_branches": [
            [846, 847],
            [846, 849]
          ],
          "missing_branches": []
        },
        "FlextLdapCreateUserRequest._collect_user_request_validation_errors": {
          "executed_lines": [853, 856, 860, 864, 865, 867],
          "summary": {
            "covered_lines": 6,
            "num_statements": 8,
            "percent_covered": 71.42857142857143,
            "percent_covered_display": "71",
            "missing_lines": 2,
            "excluded_lines": 0,
            "num_branches": 6,
            "num_partial_branches": 2,
            "covered_branches": 4,
            "missing_branches": 2
          },
          "missing_lines": [857, 861],
          "excluded_lines": [],
          "executed_branches": [
            [856, 860],
            [860, 864],
            [864, 865],
            [864, 867]
          ],
          "missing_branches": [
            [856, 857],
            [860, 861]
          ]
        },
        "FlextLdapCreateUserRequest.validate_dn": {
          "executed_lines": [873, 874, 875, 876],
          "summary": {
            "covered_lines": 4,
            "num_statements": 4,
            "percent_covered": 100.0,
            "percent_covered_display": "100",
            "missing_lines": 0,
            "excluded_lines": 0,
            "num_branches": 2,
            "num_partial_branches": 0,
            "covered_branches": 2,
            "missing_branches": 0
          },
          "missing_lines": [],
          "excluded_lines": [],
          "executed_branches": [
            [873, 874],
            [873, 876]
          ],
          "missing_branches": []
        },
        "FlextLdapCreateUserRequest.validate_required_fields": {
          "executed_lines": [882, 883, 884, 885],
          "summary": {
            "covered_lines": 4,
            "num_statements": 4,
            "percent_covered": 100.0,
            "percent_covered_display": "100",
            "missing_lines": 0,
            "excluded_lines": 0,
            "num_branches": 2,
            "num_partial_branches": 0,
            "covered_branches": 2,
            "missing_branches": 0
          },
          "missing_lines": [],
          "excluded_lines": [],
          "executed_branches": [
            [882, 883],
            [882, 885]
          ],
          "missing_branches": []
        },
        "": {
          "executed_lines": [
            1, 52, 54, 55, 57, 62, 64, 67, 68, 86, 87, 88, 91, 92, 95, 96, 128,
            130, 138, 139, 140, 176, 180, 189, 203, 212, 230, 231, 262, 264,
            278, 298, 299, 300, 330, 334, 335, 348, 349, 361, 362, 366, 367,
            371, 372, 397, 398, 402, 403, 407, 408, 412, 413, 417, 418, 422,
            423, 431, 435, 440, 441, 443, 445, 459, 479, 480, 481, 509, 513,
            514, 518, 519, 526, 527, 532, 533, 535, 537, 546, 547, 548, 572,
            577, 578, 580, 585, 596, 609, 621, 633, 650, 671, 672, 674, 675,
            676, 677, 678, 680, 688, 689, 696, 697, 730, 731, 736, 740, 744,
            749, 753, 757, 761, 768, 779, 786, 787, 826, 827, 828, 829, 830,
            831, 832, 833, 834, 835, 837, 851, 869, 870, 871, 878, 879, 880,
            889, 890, 891, 892, 893, 894, 896, 897, 899
          ],
          "summary": {
            "covered_lines": 133,
            "num_statements": 133,
            "percent_covered": 100.0,
            "percent_covered_display": "100",
            "missing_lines": 0,
            "excluded_lines": 0,
            "num_branches": 0,
            "num_partial_branches": 0,
            "covered_branches": 0,
            "missing_branches": 0
          },
          "missing_lines": [],
          "excluded_lines": [],
          "executed_branches": [],
          "missing_branches": []
        }
      },
      "classes": {
        "FlextLdapScopeEnum": {
          "executed_lines": [],
          "summary": {
            "covered_lines": 0,
            "num_statements": 0,
            "percent_covered": 100.0,
            "percent_covered_display": "100",
            "missing_lines": 0,
            "excluded_lines": 0,
            "num_branches": 0,
            "num_partial_branches": 0,
            "covered_branches": 0,
            "missing_branches": 0
          },
          "missing_lines": [],
          "excluded_lines": [],
          "executed_branches": [],
          "missing_branches": []
        },
        "FlextLdapDistinguishedName": {
          "executed_lines": [
            132, 134, 136, 153, 154, 155, 157, 158, 159, 162, 163, 164, 165,
            169, 170, 174, 178, 187, 196, 197, 198, 200, 201, 210, 222
          ],
          "summary": {
            "covered_lines": 25,
            "num_statements": 31,
            "percent_covered": 78.72340425531915,
            "percent_covered_display": "79",
            "missing_lines": 6,
            "excluded_lines": 0,
            "num_branches": 16,
            "num_partial_branches": 4,
            "covered_branches": 12,
            "missing_branches": 4
          },
          "missing_lines": [133, 135, 166, 167, 171, 172],
          "excluded_lines": [],
          "executed_branches": [
            [132, 134],
            [134, 136],
            [153, 154],
            [153, 157],
            [157, 158],
            [157, 162],
            [163, 164],
            [163, 174],
            [165, 169],
            [170, 163],
            [197, 198],
            [197, 200]
          ],
          "missing_branches": [
            [132, 133],
            [134, 135],
            [165, 166],
            [170, 171]
          ]
        },
        "FlextLdapFilterValue": {
          "executed_lines": [
            313, 317, 318, 319, 322, 323, 324, 328, 332, 346, 359, 364, 369,
            387, 390, 393, 394, 395, 400, 405, 410, 415, 420, 425, 433, 437
          ],
          "summary": {
            "covered_lines": 26,
            "num_statements": 47,
            "percent_covered": 49.23076923076923,
            "percent_covered_display": "49",
            "missing_lines": 21,
            "excluded_lines": 0,
            "num_branches": 18,
            "num_partial_branches": 4,
            "covered_branches": 6,
            "missing_branches": 12
          },
          "missing_lines": [
            271, 273, 274, 276, 280, 283, 284, 287, 288, 291, 292, 293, 294,
            296, 314, 315, 325, 326, 388, 389, 391
          ],
          "excluded_lines": [],
          "executed_branches": [
            [313, 317],
            [317, 318],
            [317, 322],
            [324, 328],
            [387, 390],
            [390, 393]
          ],
          "missing_branches": [
            [273, 274],
            [273, 276],
            [283, 284],
            [283, 287],
            [287, 288],
            [287, 291],
            [293, 294],
            [293, 296],
            [313, 314],
            [324, 325],
            [387, 388],
            [390, 391]
          ]
        },
        "FlextLdapUri": {
          "executed_lines": [
            494, 498, 499, 500, 501, 503, 504, 505, 507, 511, 516, 521, 522,
            523, 524, 529
          ],
          "summary": {
            "covered_lines": 16,
            "num_statements": 32,
            "percent_covered": 47.916666666666664,
            "percent_covered_display": "48",
            "missing_lines": 16,
            "excluded_lines": 0,
            "num_branches": 16,
            "num_partial_branches": 1,
            "covered_branches": 7,
            "missing_branches": 9
          },
          "missing_lines": [
            452, 454, 455, 457, 461, 464, 465, 466, 469, 470, 471, 474, 475,
            477, 495, 496
          ],
          "excluded_lines": [],
          "executed_branches": [
            [494, 498],
            [499, 500],
            [499, 503],
            [503, 504],
            [503, 507],
            [522, 523],
            [522, 524]
          ],
          "missing_branches": [
            [454, 455],
            [454, 457],
            [464, 465],
            [464, 469],
            [470, 471],
            [470, 474],
            [474, 475],
            [474, 477],
            [494, 495]
          ]
        },
        "FlextLdapObjectClass": {
          "executed_lines": [561, 562, 563, 566, 567, 568, 570, 574],
          "summary": {
            "covered_lines": 8,
            "num_statements": 13,
            "percent_covered": 57.142857142857146,
            "percent_covered_display": "57",
            "missing_lines": 5,
            "excluded_lines": 0,
            "num_branches": 8,
            "num_partial_branches": 0,
            "covered_branches": 4,
            "missing_branches": 4
          },
          "missing_lines": [539, 540, 542, 543, 544],
          "excluded_lines": [],
          "executed_branches": [
            [561, 562],
            [561, 566],
            [566, 567],
            [566, 570]
          ],
          "missing_branches": [
            [539, 540],
            [539, 542],
            [542, 543],
            [542, 544]
          ]
        },
        "FlextLdapAttributesValue": {
          "executed_lines": [
            587, 588, 589, 606, 607, 619, 631, 644, 645, 646, 647, 648, 661,
            662, 663, 664, 667, 668
          ],
          "summary": {
            "covered_lines": 18,
            "num_statements": 22,
            "percent_covered": 67.6470588235294,
            "percent_covered_display": "68",
            "missing_lines": 4,
            "excluded_lines": 0,
            "num_branches": 12,
            "num_partial_branches": 5,
            "covered_branches": 5,
            "missing_branches": 7
          },
          "missing_lines": [590, 591, 594, 665],
          "excluded_lines": [],
          "executed_branches": [
            [587, 588],
            [588, 589],
            [645, 646],
            [662, 663],
            [664, 667]
          ],
          "missing_branches": [
            [587, 594],
            [588, 590],
            [590, 587],
            [590, 591],
            [645, 647],
            [662, 668],
            [664, 665]
          ]
        },
        "FlextLdapConnectionInfo": {
          "executed_lines": [682, 684, 685, 686, 691, 692, 693],
          "summary": {
            "covered_lines": 7,
            "num_statements": 8,
            "percent_covered": 83.33333333333333,
            "percent_covered_display": "83",
            "missing_lines": 1,
            "excluded_lines": 0,
            "num_branches": 4,
            "num_partial_branches": 1,
            "covered_branches": 3,
            "missing_branches": 1
          },
          "missing_lines": [683],
          "excluded_lines": [],
          "executed_branches": [
            [682, 684],
            [684, 685],
            [684, 686]
          ],
          "missing_branches": [[682, 683]]
        },
        "FlextLdapExtendedEntry": {
          "executed_lines": [
            738, 742, 746, 747, 751, 755, 759, 763, 764, 770, 771
          ],
          "summary": {
            "covered_lines": 11,
            "num_statements": 14,
            "percent_covered": 68.75,
            "percent_covered_display": "69",
            "missing_lines": 3,
            "excluded_lines": 0,
            "num_branches": 2,
            "num_partial_branches": 0,
            "covered_branches": 0,
            "missing_branches": 2
          },
          "missing_lines": [781, 782, 783],
          "excluded_lines": [],
          "executed_branches": [],
          "missing_branches": [
            [781, 782],
            [781, 783]
          ]
        },
        "FlextLdapCreateUserRequest": {
          "executed_lines": [
            844, 846, 847, 849, 853, 856, 860, 864, 865, 867, 873, 874, 875,
            876, 882, 883, 884, 885
          ],
          "summary": {
            "covered_lines": 18,
            "num_statements": 20,
            "percent_covered": 87.5,
            "percent_covered_display": "88",
            "missing_lines": 2,
            "excluded_lines": 0,
            "num_branches": 12,
            "num_partial_branches": 2,
            "covered_branches": 10,
            "missing_branches": 2
          },
          "missing_lines": [857, 861],
          "excluded_lines": [],
          "executed_branches": [
            [846, 847],
            [846, 849],
            [856, 860],
            [860, 864],
            [864, 865],
            [864, 867],
            [873, 874],
            [873, 876],
            [882, 883],
            [882, 885]
          ],
          "missing_branches": [
            [856, 857],
            [860, 861]
          ]
        },
        "": {
          "executed_lines": [
            1, 52, 54, 55, 57, 62, 64, 67, 68, 86, 87, 88, 91, 92, 95, 96, 128,
            130, 138, 139, 140, 176, 180, 189, 203, 212, 230, 231, 262, 264,
            278, 298, 299, 300, 330, 334, 335, 348, 349, 361, 362, 366, 367,
            371, 372, 397, 398, 402, 403, 407, 408, 412, 413, 417, 418, 422,
            423, 431, 435, 440, 441, 443, 445, 459, 479, 480, 481, 509, 513,
            514, 518, 519, 526, 527, 532, 533, 535, 537, 546, 547, 548, 572,
            577, 578, 580, 585, 596, 609, 621, 633, 650, 671, 672, 674, 675,
            676, 677, 678, 680, 688, 689, 696, 697, 730, 731, 736, 740, 744,
            749, 753, 757, 761, 768, 779, 786, 787, 826, 827, 828, 829, 830,
            831, 832, 833, 834, 835, 837, 851, 869, 870, 871, 878, 879, 880,
            889, 890, 891, 892, 893, 894, 896, 897, 899
          ],
          "summary": {
            "covered_lines": 133,
            "num_statements": 133,
            "percent_covered": 100.0,
            "percent_covered_display": "100",
            "missing_lines": 0,
            "excluded_lines": 0,
            "num_branches": 0,
            "num_partial_branches": 0,
            "covered_branches": 0,
            "missing_branches": 0
          },
          "missing_lines": [],
          "excluded_lines": [],
          "executed_branches": [],
          "missing_branches": []
        }
      }
    }
  },
  "totals": {
    "covered_lines": 1404,
    "num_statements": 5028,
    "percent_covered": 24.857864813644976,
    "percent_covered_display": "25",
    "missing_lines": 3624,
    "excluded_lines": 423,
    "num_branches": 1304,
    "num_partial_branches": 100,
    "covered_branches": 170,
    "missing_branches": 1134
  }
}
